<?xml version="1.0" encoding="UTF-8"?>
<coverage generated="1781602591661" clover="3.2.0">
  <project timestamp="1781602591661" name="All files">
    <metrics statements="34" coveredstatements="33" conditionals="34" coveredconditionals="22" methods="9" coveredmethods="9" elements="77" coveredelements="64" complexity="0" loc="34" ncloc="34" packages="3" files="5" classes="5"/>
    <package name="src">
      <metrics statements="11" coveredstatements="11" conditionals="6" coveredconditionals="3" methods="2" coveredmethods="2"/>
      <file name="FirstStepsApp.tsx" path="C:\Users\yoshy\Desktop\React\02-first-steps\src\FirstStepsApp.tsx">
        <metrics statements="5" coveredstatements="5" conditionals="2" coveredconditionals="1" methods="1" coveredmethods="1"/>
        <line num="10" count="1" type="stmt"/>
        <line num="16" count="3" type="cond" truecount="1" falsecount="1"/>
        <line num="18" count="3" type="stmt"/>
        <line num="22" count="9" type="stmt"/>
        <line num="29" count="3" type="stmt"/>
      </file>
      <file name="MyAwesomeApp.tsx" path="C:\Users\yoshy\Desktop\React\02-first-steps\src\MyAwesomeApp.tsx">
        <metrics statements="6" coveredstatements="6" conditionals="4" coveredconditionals="2" methods="1" coveredmethods="1"/>
        <line num="3" count="3" type="cond" truecount="1" falsecount="1"/>
        <line num="6" count="3" type="stmt"/>
        <line num="8" count="3" type="stmt"/>
        <line num="13" count="3" type="stmt"/>
        <line num="21" count="3" type="stmt"/>
        <line num="41" count="3" type="stmt"/>
      </file>
    </package>
    <package name="src.helpers">
      <metrics statements="4" coveredstatements="4" conditionals="0" coveredconditionals="0" methods="4" coveredmethods="4"/>
      <file name="math.helper.ts" path="C:\Users\yoshy\Desktop\React\02-first-steps\src\helpers\math.helper.ts">
        <metrics statements="4" coveredstatements="4" conditionals="0" coveredconditionals="0" methods="4" coveredmethods="4"/>
        <line num="1" count="2" type="stmt"/>
        <line num="2" count="2" type="stmt"/>
        <line num="3" count="4" type="stmt"/>
        <line num="4" count="1" type="stmt"/>
      </file>
    </package>
    <package name="src.shopping-card">
      <metrics statements="19" coveredstatements="18" conditionals="28" coveredconditionals="19" methods="3" coveredmethods="3"/>
      <file name="ItemCounter.module.css" path="C:\Users\yoshy\Desktop\React\02-first-steps\src\shopping-card\ItemCounter.module.css">
        <metrics statements="0" coveredstatements="0" conditionals="0" coveredconditionals="0" methods="0" coveredmethods="0"/>
      </file>
      <file name="ItemCouter.tsx" path="C:\Users\yoshy\Desktop\React\02-first-steps\src\shopping-card\ItemCouter.tsx">
        <metrics statements="19" coveredstatements="18" conditionals="28" coveredconditionals="19" methods="3" coveredmethods="3"/>
        <line num="11" count="9" type="cond" truecount="1" falsecount="1"/>
        <line num="12" count="9" type="cond" truecount="1" falsecount="1"/>
        <line num="14" count="9" type="stmt"/>
        <line num="15" count="1" type="stmt"/>
        <line num="16" count="9" type="cond" truecount="1" falsecount="1"/>
        <line num="18" count="9" type="stmt"/>
        <line num="19" count="2" type="cond" truecount="2" falsecount="0"/>
        <line num="21" count="1" type="stmt"/>
        <line num="22" count="0" type="stmt"/>
        <line num="25" count="9" type="stmt"/>
        <line num="34" count="8" type="stmt"/>
        <line num="36" count="8" type="stmt"/>
        <line num="37" count="9" type="cond" truecount="4" falsecount="0"/>
        <line num="38" count="9" type="cond" truecount="4" falsecount="0"/>
        <line num="41" count="9" type="cond" truecount="1" falsecount="1"/>
        <line num="42" count="9" type="cond" truecount="1" falsecount="1"/>
        <line num="43" count="9" type="cond" truecount="1" falsecount="1"/>
        <line num="44" count="9" type="cond" truecount="3" falsecount="3"/>
        <line num="45" count="9" type="stmt"/>
      </file>
    </package>
  </project>
</coverage>
