{"C:\\Users\\yoshy\\Desktop\\React\\02-first-steps\\src\\FirstStepsApp.tsx": {"path":"C:\\Users\\yoshy\\Desktop\\React\\02-first-steps\\src\\FirstStepsApp.tsx","statementMap":{"0":{"start":{"line":10,"column":34},"end":{"line":13,"column":null}},"1":{"start":{"line":16,"column":7},"end":{"line":16,"column":null}},"2":{"start":{"line":16,"column":7},"end":{"line":29,"column":null}},"3":{"start":{"line":18,"column":8},"end":{"line":23,"column":null}},"4":{"start":{"line":29,"column":11},"end":{"line":29,"column":null}},"5":{"start":{"line":29,"column":11},"end":{"line":18,"column":null}},"6":{"start":{"line":22,"column":30},"end":{"line":22,"column":55}},"7":{"start":{"line":22,"column":55},"end":{"line":23,"column":99}}},"fnMap":{"0":{"name":"FirstStepApp","decl":{"start":{"line":16,"column":7},"end":{"line":16,"column":null}},"loc":{"start":{"line":16,"column":7},"end":{"line":29,"column":null}},"line":16}},"branchMap":{"0":{"loc":{"start":{"line":16,"column":7},"end":{"line":29,"column":null}},"type":"if","locations":[{"start":{"line":16,"column":7},"end":{"line":29,"column":null}},{"start":{"line":29,"column":11},"end":{"line":29,"column":null}}],"line":16}},"s":{"0":1,"1":3,"2":3,"3":3,"4":0,"5":3,"6":9,"7":9},"f":{"0":12},"b":{"0":[3,0]},"meta":{"lastBranch":1,"lastFunction":1,"lastStatement":8,"seen":{"s:10:34:13:Infinity":0,"f:16:7:16:Infinity":0,"s:16:7:16:Infinity":1,"b:16:7:29:Infinity:29:11:29:Infinity":0,"s:16:7:29:Infinity":2,"s:18:8:23:Infinity":3,"s:29:11:29:Infinity":4,"s:29:11:18:Infinity":5,"s:22:30:22:55":6,"s:22:55:23:99":7},"fnNames":{}}}
,"C:\\Users\\yoshy\\Desktop\\React\\02-first-steps\\src\\MyAwesomeApp.tsx": {"path":"C:\\Users\\yoshy\\Desktop\\React\\02-first-steps\\src\\MyAwesomeApp.tsx","statementMap":{"0":{"start":{"line":3,"column":7},"end":{"line":3,"column":null}},"1":{"start":{"line":3,"column":7},"end":{"line":41,"column":null}},"2":{"start":{"line":6,"column":26},"end":{"line":6,"column":null}},"3":{"start":{"line":8,"column":20},"end":{"line":11,"column":null}},"4":{"start":{"line":13,"column":36},"end":{"line":19,"column":null}},"5":{"start":{"line":21,"column":8},"end":{"line":41,"column":null}},"6":{"start":{"line":41,"column":14},"end":{"line":41,"column":null}},"7":{"start":{"line":41,"column":14},"end":{"line":21,"column":null}}},"fnMap":{"0":{"name":"MyAwesomeApp","decl":{"start":{"line":3,"column":7},"end":{"line":3,"column":null}},"loc":{"start":{"line":3,"column":7},"end":{"line":41,"column":null}},"line":3}},"branchMap":{"0":{"loc":{"start":{"line":3,"column":7},"end":{"line":41,"column":null}},"type":"if","locations":[{"start":{"line":3,"column":7},"end":{"line":41,"column":null}},{"start":{"line":41,"column":14},"end":{"line":41,"column":null}}],"line":3},"1":{"loc":{"start":{"line":7,"column":21},"end":{"line":35,"column":56}},"type":"cond-expr","locations":[{"start":{"line":35,"column":17},"end":{"line":35,"column":56}},{"start":{"line":35,"column":17},"end":{"line":35,"column":56}}],"line":7}},"s":{"0":3,"1":3,"2":3,"3":3,"4":3,"5":3,"6":0,"7":3},"f":{"0":3},"b":{"0":[3,0],"1":[3,0]},"meta":{"lastBranch":2,"lastFunction":1,"lastStatement":8,"seen":{"f:3:7:3:Infinity":0,"s:3:7:3:Infinity":0,"b:3:7:41:Infinity:41:14:41:Infinity":0,"s:3:7:41:Infinity":1,"s:6:26:6:Infinity":2,"s:8:20:11:Infinity":3,"s:13:36:19:Infinity":4,"s:21:8:41:Infinity":5,"b:35:17:35:56:35:17:35:56":1,"s:41:14:41:Infinity":6,"s:41:14:21:Infinity":7},"fnNames":{}}}
,"C:\\Users\\yoshy\\Desktop\\React\\02-first-steps\\src\\helpers\\math.helper.ts": {"path":"C:\\Users\\yoshy\\Desktop\\React\\02-first-steps\\src\\helpers\\math.helper.ts","statementMap":{"0":{"start":{"line":1,"column":13},"end":{"line":1,"column":null}},"1":{"start":{"line":1,"column":48},"end":{"line":1,"column":62}},"2":{"start":{"line":2,"column":13},"end":{"line":2,"column":null}},"3":{"start":{"line":2,"column":50},"end":{"line":2,"column":null}},"4":{"start":{"line":3,"column":13},"end":{"line":3,"column":null}},"5":{"start":{"line":3,"column":50},"end":{"line":3,"column":null}},"6":{"start":{"line":4,"column":13},"end":{"line":4,"column":null}},"7":{"start":{"line":4,"column":48},"end":{"line":4,"column":null}}},"fnMap":{"0":{"name":"(anonymous_0)","decl":{"start":{"line":1,"column":13},"end":{"line":1,"column":20}},"loc":{"start":{"line":1,"column":45},"end":{"line":1,"column":null}},"line":1},"1":{"name":"(anonymous_1)","decl":{"start":{"line":2,"column":13},"end":{"line":2,"column":25}},"loc":{"start":{"line":2,"column":50},"end":{"line":2,"column":null}},"line":2},"2":{"name":"(anonymous_2)","decl":{"start":{"line":3,"column":13},"end":{"line":3,"column":25}},"loc":{"start":{"line":3,"column":50},"end":{"line":3,"column":null}},"line":3},"3":{"name":"(anonymous_3)","decl":{"start":{"line":4,"column":13},"end":{"line":4,"column":23}},"loc":{"start":{"line":4,"column":48},"end":{"line":4,"column":null}},"line":4}},"branchMap":{},"s":{"0":1,"1":2,"2":1,"3":2,"4":1,"5":4,"6":1,"7":1},"f":{"0":2,"1":2,"2":4,"3":1},"b":{},"meta":{"lastBranch":0,"lastFunction":4,"lastStatement":8,"seen":{"s:1:13:1:Infinity":0,"f:1:13:1:20":0,"s:1:48:1:62":1,"s:2:13:2:Infinity":2,"f:2:13:2:25":1,"s:2:50:2:Infinity":3,"s:3:13:3:Infinity":4,"f:3:13:3:25":2,"s:3:50:3:Infinity":5,"s:4:13:4:Infinity":6,"f:4:13:4:23":3,"s:4:48:4:Infinity":7},"fnNames":{}}}
,"C:\\Users\\yoshy\\Desktop\\React\\02-first-steps\\src\\shopping-card\\ItemCounter.module.css": {"path":"C:\\Users\\yoshy\\Desktop\\React\\02-first-steps\\src\\shopping-card\\ItemCounter.module.css","statementMap":{},"fnMap":{},"branchMap":{},"s":{},"f":{},"b":{},"meta":{"lastBranch":0,"lastFunction":0,"lastStatement":0,"seen":{},"fnNames":{}}}
,"C:\\Users\\yoshy\\Desktop\\React\\02-first-steps\\src\\shopping-card\\ItemCouter.tsx": {"path":"C:\\Users\\yoshy\\Desktop\\React\\02-first-steps\\src\\shopping-card\\ItemCouter.tsx","statementMap":{"0":{"start":{"line":11,"column":13},"end":{"line":45,"column":null}},"1":{"start":{"line":11,"column":26},"end":{"line":11,"column":27}},"2":{"start":{"line":11,"column":27},"end":{"line":11,"column":35}},"3":{"start":{"line":11,"column":35},"end":{"line":11,"column":null}},"4":{"start":{"line":12,"column":2},"end":{"line":12,"column":47}},"5":{"start":{"line":12,"column":47},"end":{"line":16,"column":4}},"6":{"start":{"line":14,"column":20},"end":{"line":15,"column":null}},"7":{"start":{"line":15,"column":4},"end":{"line":15,"column":23}},"8":{"start":{"line":16,"column":3},"end":{"line":16,"column":4}},"9":{"start":{"line":14,"column":20},"end":{"line":14,"column":null}},"10":{"start":{"line":16,"column":4},"end":{"line":22,"column":null}},"11":{"start":{"line":18,"column":25},"end":{"line":21,"column":null}},"12":{"start":{"line":19,"column":4},"end":{"line":19,"column":null}},"13":{"start":{"line":19,"column":19},"end":{"line":19,"column":null}},"14":{"start":{"line":21,"column":4},"end":{"line":21,"column":23}},"15":{"start":{"line":22,"column":3},"end":{"line":22,"column":null}},"16":{"start":{"line":18,"column":25},"end":{"line":18,"column":null}},"17":{"start":{"line":37,"column":17},"end":{"line":37,"column":27}},"18":{"start":{"line":37,"column":46},"end":{"line":38,"column":null}},"19":{"start":{"line":36,"column":15},"end":{"line":38,"column":9}},"20":{"start":{"line":38,"column":9},"end":{"line":38,"column":null}},"21":{"start":{"line":38,"column":9},"end":{"line":41,"column":null}},"22":{"start":{"line":34,"column":6},"end":{"line":41,"column":null}},"23":{"start":{"line":41,"column":13},"end":{"line":41,"column":null}},"24":{"start":{"line":41,"column":13},"end":{"line":42,"column":null}},"25":{"start":{"line":42,"column":6},"end":{"line":42,"column":null}},"26":{"start":{"line":42,"column":45},"end":{"line":42,"column":null}},"27":{"start":{"line":42,"column":45},"end":{"line":43,"column":null}},"28":{"start":{"line":43,"column":6},"end":{"line":43,"column":null}},"29":{"start":{"line":43,"column":26},"end":{"line":43,"column":null}},"30":{"start":{"line":43,"column":26},"end":{"line":44,"column":null}},"31":{"start":{"line":44,"column":6},"end":{"line":44,"column":null}},"32":{"start":{"line":44,"column":50},"end":{"line":44,"column":null}},"33":{"start":{"line":44,"column":50},"end":{"line":45,"column":null}},"34":{"start":{"line":25,"column":4},"end":{"line":45,"column":null}},"35":{"start":{"line":45,"column":14},"end":{"line":45,"column":null}},"36":{"start":{"line":45,"column":14},"end":{"line":25,"column":null}}},"fnMap":{"0":{"name":"(anonymous_0)","decl":{"start":{"line":11,"column":13},"end":{"line":11,"column":26}},"loc":{"start":{"line":11,"column":26},"end":{"line":45,"column":null}},"line":11},"1":{"name":"(anonymous_1)","decl":{"start":{"line":14,"column":20},"end":{"line":14,"column":null}},"loc":{"start":{"line":14,"column":20},"end":{"line":15,"column":null}},"line":14},"2":{"name":"(anonymous_2)","decl":{"start":{"line":18,"column":25},"end":{"line":18,"column":null}},"loc":{"start":{"line":18,"column":25},"end":{"line":21,"column":null}},"line":18}},"branchMap":{"0":{"loc":{"start":{"line":11,"column":35},"end":{"line":11,"column":null}},"type":"cond-expr","locations":[{"start":{"line":11,"column":35},"end":{"line":11,"column":null}},{"start":{"line":11,"column":35},"end":{"line":11,"column":null}}],"line":11},"1":{"loc":{"start":{"line":12,"column":47},"end":{"line":16,"column":4}},"type":"if","locations":[{"start":{"line":12,"column":47},"end":{"line":16,"column":4}},{"start":{"line":16,"column":3},"end":{"line":16,"column":4}}],"line":12},"2":{"loc":{"start":{"line":16,"column":4},"end":{"line":22,"column":null}},"type":"if","locations":[{"start":{"line":16,"column":4},"end":{"line":22,"column":null}},{"start":{"line":22,"column":3},"end":{"line":22,"column":null}}],"line":16},"3":{"loc":{"start":{"line":19,"column":4},"end":{"line":19,"column":null}},"type":"if","locations":[{"start":{"line":19,"column":4},"end":{"line":19,"column":null}},{"start":{},"end":{}}],"line":19},"4":{"loc":{"start":{"line":37,"column":17},"end":{"line":37,"column":27}},"type":"cond-expr","locations":[{"start":{"line":37,"column":17},"end":{"line":37,"column":27}},{"start":{"line":37,"column":17},"end":{"line":37,"column":27}}],"line":37},"5":{"loc":{"start":{"line":37,"column":46},"end":{"line":38,"column":null}},"type":"if","locations":[{"start":{"line":37,"column":46},"end":{"line":38,"column":null}},{"start":{"line":38,"column":9},"end":{"line":38,"column":null}}],"line":37},"6":{"loc":{"start":{"line":38,"column":9},"end":{"line":41,"column":null}},"type":"if","locations":[{"start":{"line":38,"column":9},"end":{"line":41,"column":null}},{"start":{"line":41,"column":13},"end":{"line":41,"column":null}}],"line":38},"7":{"loc":{"start":{"line":38,"column":9},"end":{"line":38,"column":null}},"type":"binary-expr","locations":[{"start":{"line":38,"column":9},"end":{"line":38,"column":null}},{"start":{"line":38,"column":9},"end":{"line":38,"column":null}}],"line":38},"8":{"loc":{"start":{"line":41,"column":13},"end":{"line":42,"column":null}},"type":"if","locations":[{"start":{"line":41,"column":13},"end":{"line":42,"column":null}},{"start":{"line":42,"column":45},"end":{"line":42,"column":null}}],"line":41},"9":{"loc":{"start":{"line":42,"column":45},"end":{"line":43,"column":null}},"type":"if","locations":[{"start":{"line":42,"column":45},"end":{"line":43,"column":null}},{"start":{"line":43,"column":26},"end":{"line":43,"column":null}}],"line":42},"10":{"loc":{"start":{"line":43,"column":26},"end":{"line":44,"column":null}},"type":"if","locations":[{"start":{"line":43,"column":26},"end":{"line":44,"column":null}},{"start":{"line":44,"column":50},"end":{"line":44,"column":null}}],"line":43},"11":{"loc":{"start":{"line":44,"column":50},"end":{"line":45,"column":null}},"type":"if","locations":[{"start":{"line":44,"column":50},"end":{"line":45,"column":null}},{"start":{"line":45,"column":14},"end":{"line":45,"column":null}}],"line":44},"12":{"loc":{"start":{"line":44,"column":50},"end":{"line":44,"column":null}},"type":"binary-expr","locations":[{"start":{"line":44,"column":50},"end":{"line":44,"column":null}},{"start":{"line":44,"column":50},"end":{"line":44,"column":null}},{"start":{"line":44,"column":50},"end":{"line":44,"column":null}},{"start":{"line":44,"column":50},"end":{"line":44,"column":null}}],"line":44}},"s":{"0":1,"1":9,"2":9,"3":9,"4":9,"5":9,"6":9,"7":1,"8":0,"9":9,"10":9,"11":9,"12":2,"13":1,"14":1,"15":0,"16":9,"17":9,"18":9,"19":8,"20":1,"21":9,"22":8,"23":1,"24":9,"25":9,"26":0,"27":9,"28":9,"29":0,"30":9,"31":9,"32":0,"33":9,"34":9,"35":0,"36":9},"f":{"0":9,"1":1,"2":2},"b":{"0":[0,9],"1":[9,0],"2":[9,0],"3":[1,1],"4":[4,5],"5":[8,1],"6":[8,1],"7":[9,2],"8":[9,0],"9":[9,0],"10":[9,0],"11":[9,0],"12":[9,1,0,0]},"meta":{"lastBranch":13,"lastFunction":3,"lastStatement":37,"seen":{"s:11:13:45:Infinity":0,"f:11:13:11:26":0,"s:11:26:11:27":1,"s:11:27:11:35":2,"s:11:35:11:Infinity":3,"b:11:35:11:Infinity:11:35:11:Infinity":0,"s:12:2:12:47":4,"b:12:47:16:4:16:3:16:4":1,"s:12:47:16:4":5,"s:14:20:15:Infinity":6,"f:14:20:14:Infinity":1,"s:15:4:15:23":7,"s:16:3:16:4":8,"s:14:20:14:Infinity":9,"b:16:4:22:Infinity:22:3:22:Infinity":2,"s:16:4:22:Infinity":10,"s:18:25:21:Infinity":11,"f:18:25:18:Infinity":2,"b:19:4:19:Infinity:undefined:undefined:undefined:undefined":3,"s:19:4:19:Infinity":12,"s:19:19:19:Infinity":13,"s:21:4:21:23":14,"s:22:3:22:Infinity":15,"s:18:25:18:Infinity":16,"s:37:17:37:27":17,"b:37:17:37:27:37:17:37:27":4,"b:37:46:38:Infinity:38:9:38:Infinity":5,"s:37:46:38:Infinity":18,"s:36:15:38:9":19,"s:38:9:38:Infinity":20,"b:38:9:41:Infinity:41:13:41:Infinity":6,"s:38:9:41:Infinity":21,"b:38:9:38:Infinity:38:9:38:Infinity":7,"s:34:6:41:Infinity":22,"s:41:13:41:Infinity":23,"b:41:13:42:Infinity:42:45:42:Infinity":8,"s:41:13:42:Infinity":24,"s:42:6:42:Infinity":25,"s:42:45:42:Infinity":26,"b:42:45:43:Infinity:43:26:43:Infinity":9,"s:42:45:43:Infinity":27,"s:43:6:43:Infinity":28,"s:43:26:43:Infinity":29,"b:43:26:44:Infinity:44:50:44:Infinity":10,"s:43:26:44:Infinity":30,"s:44:6:44:Infinity":31,"s:44:50:44:Infinity":32,"b:44:50:45:Infinity:45:14:45:Infinity":11,"s:44:50:45:Infinity":33,"b:44:50:44:Infinity:44:50:44:Infinity:44:50:44:Infinity:44:50:44:Infinity":12,"s:25:4:45:Infinity":34,"s:45:14:45:Infinity":35,"s:45:14:25:Infinity":36},"fnNames":{}}}
}
